# Self-added app list. Feel free to add your favourite apps!

# Supplement some libs:
gmtk
libpaper

## 输入法
libxkbcommon
extra-cmake-modules
opencc
fcitx-libpinyin
libpinyin
fcitx
fcitx-configtool

## 上网和一些工具（你懂的）
firejail
#firefox-hardened
icecat
icecat-hardened
NetworkManager-nonprism
macchiato
tor
tor-hardened
tor-browser
tor-messenger
torsocks
privoxy
proxychains
telegram
riot-web

udns
mbedtls
libsodium
pcre2
c-ares
libev
shadowsocks-libev
v2ray

# 蓝灯使用阿里云服务器，不可信
#json-glib
#libappindicator
#libdbusmenu
#libindicator
#lantern

## 写写字
libreoffice
libreoffice-langpack
Ted
docx2txt

## 保护菊花系列 - Protect-Your-Data-Goodies:
testdisk
wipe
secure-delete

## 这些只提供在cinnamon版里（因为需要的依赖包比较大/多）
#keepassx 
#jitsi
#nodejs
#nwjs
#rubygem-sass
#Signal-Desktop

## 支持中文的终端 (useful for cinnamon)
#rxvt-unicode

## 从其他仓库拽过来的 -Grab from others' repo 
veracrypt
virtualbox-kernel-addons

# For Qemu VM:
#spice-protocol
#xf86-video-qxl

## 字体（太大了暂不放入）
#noto-cjk-font-ttf
