# Self-added app list. Feel free to add your favourite apps!

## 输入法
libxkbcommon
extra-cmake-modules
opencc
fcitx-libpinyin
libpinyin
fcitx
fcitx-configtool

## 上网和一些工具（你懂的）
firejail
firefox-hardened
icecat
icecat-hardened
NetworkManager-nonprism
macchiato
tor
tor-hardened
tor-browser
torsocks
privoxy
proxychains
udns
mbedtls
libsodium
pcre2
libev
shadowsocks-libev
telegram
gmtk

## 支持中文的终端
rxvt-unicode

## 字体（太大了暂放入）
#noto-cjk-font-ttf

## Write words/charts
libreoffice

## Grab from others' repo (and lacking deps under XFCE minimal installation)
veracrypt
#libgpod
#libwebp
#gnome-mplayer
